2024-05-28 14:54:51.419 INFO  (main) [c: s: r: x: t:] o.e.j.s.Server jetty-10.0.20; built: 2024-01-29T20:46:45.278Z; git: 3a745c71c23682146f262b99f4ddc4c1bc41630c; jvm 17.0.11+9
2024-05-28 14:54:51.820 WARN  (main) [c: s: r: x: t:] o.e.j.u.DeprecationWarning Using @Deprecated Class org.eclipse.jetty.servlet.listener.ELContextCleaner
2024-05-28 14:54:51.900 INFO  (main) [c: s: r: x: t:] o.a.s.s.CoreContainerProvider Using logger factory org.apache.logging.slf4j.Log4jLoggerFactory
2024-05-28 14:54:51.946 INFO  (main) [c: s: r: x: t:] o.a.s.s.CoreContainerProvider  ___      _       Welcome to Apache Solr™ version 9.6.0
2024-05-28 14:54:51.946 INFO  (main) [c: s: r: x: t:] o.a.s.s.CoreContainerProvider / __| ___| |_ _   Starting in standalone mode on port 8983
2024-05-28 14:54:51.946 INFO  (main) [c: s: r: x: t:] o.a.s.s.CoreContainerProvider \__ \/ _ \ | '_|  Install dir: /opt/solr-9.6.0
2024-05-28 14:54:51.947 INFO  (main) [c: s: r: x: t:] o.a.s.s.CoreContainerProvider |___/\___/_|_|    Start time: 2024-05-28T14:54:51.947191484Z
2024-05-28 14:54:51.964 INFO  (main) [c: s: r: x: t:] o.a.s.s.CoreContainerProvider Solr started with "-XX:+CrashOnOutOfMemoryError" that will crash on any OutOfMemoryError exception. The cause of the OOME will be logged in the crash file at the following path: /var/solr/logs/jvm_crash_11.log
2024-05-28 14:54:52.088 INFO  (main) [c: s: r: x: t:] o.a.s.s.CoreContainerProvider Solr Home: /var/solr/data (source: system property: solr.solr.home)
2024-05-28 14:54:52.133 INFO  (main) [c: s: r: x: t:] o.a.s.c.SolrXmlConfig solr.xml not found in SOLR_HOME, using built-in default
2024-05-28 14:54:52.134 INFO  (main) [c: s: r: x: t:] o.a.s.c.SolrXmlConfig Loading solr.xml from /opt/solr-9.6.0/server/solr/solr.xml
2024-05-28 14:54:52.217 INFO  (main) [c: s: r: x: t:] o.a.s.c.SolrResourceLoader Added 1 libs to classloader, from paths: [/opt/solr-9.6.0/lib]
2024-05-28 14:54:53.193 INFO  (main) [c: s: r: x: t:] o.a.s.u.t.SimplePropagator Always-on trace id generation enabled.
2024-05-28 14:54:53.524 WARN  (main) [c: s: r: x: t:] o.a.s.u.StartupLoggingUtils Jetty request logging enabled. Will retain logs for last 3 days. See chapter "Configuring Logging" in reference guide for how to configure.
2024-05-28 14:54:53.527 WARN  (main) [c: s: r: x: t:] o.a.s.c.CoreContainer Not all security plugins configured!  authentication=disabled authorization=disabled.  Solr is only as secure as you make it. Consider configuring authentication/authorization before exposing Solr to users internal or external.  See https://s.apache.org/solrsecurity for more info
2024-05-28 14:54:53.972 INFO  (main) [c: s: r: x: t:] o.a.s.c.CorePropertiesLocator Found 2 core definitions underneath /var/solr/data
2024-05-28 14:54:53.973 INFO  (main) [c: s: r: x: t:] o.a.s.c.CorePropertiesLocator Cores are: [jobs, mycore]
2024-05-28 14:54:54.062 INFO  (coreLoadExecutor-11-thread-1) [c: s: r: x:jobs t:] o.a.s.c.SolrConfig Using Lucene MatchVersion: 9.10.0
2024-05-28 14:54:54.062 INFO  (coreLoadExecutor-11-thread-2) [c: s: r: x:mycore t:] o.a.s.c.SolrConfig Using Lucene MatchVersion: 9.10.0
2024-05-28 14:54:54.306 INFO  (coreLoadExecutor-11-thread-2) [c: s: r: x:mycore t:] o.a.s.s.IndexSchema Schema name=default-config
2024-05-28 14:54:54.308 INFO  (coreLoadExecutor-11-thread-1) [c: s: r: x:jobs t:] o.a.s.s.IndexSchema Schema name=default-config
2024-05-28 14:54:54.438 WARN  (main) [c: s: r: x: t:] o.g.j.m.i.MessagingBinders A class jakarta.activation.DataSource for a default provider MessageBodyWriter<jakarta.activation.DataSource> was not found. The provider is not available.
2024-05-28 14:54:55.082 INFO  (main) [c: s: r: x: t:] o.a.s.j.SolrRequestAuthorizer Creating a new SolrRequestAuthorizer
2024-05-28 14:54:55.438 INFO  (main) [c: s: r: x: t:] o.e.j.s.h.ContextHandler Started o.e.j.w.WebAppContext@655a5d9c{solr-jetty-context.xml,/solr,file:///opt/solr-9.6.0/server/solr-webapp/webapp/,AVAILABLE}{/opt/solr-9.6.0/server/solr-webapp/webapp}
2024-05-28 14:54:55.457 INFO  (main) [c: s: r: x: t:] o.e.j.s.RequestLogWriter Opened /var/solr/logs/2024_05_28.request.log
2024-05-28 14:54:55.463 INFO  (main) [c: s: r: x: t:] o.e.j.s.AbstractConnector Started ServerConnector@2b95e48b{HTTP/1.1, (http/1.1, h2c)}{0.0.0.0:8983}
2024-05-28 14:54:55.466 INFO  (main) [c: s: r: x: t:] o.e.j.s.Server Started Server@376a312c{STARTING}[10.0.20,sto=0] @6120ms
2024-05-28 14:54:55.680 INFO  (coreLoadExecutor-11-thread-1) [c: s: r: x:jobs t:] o.a.s.s.IndexSchema Loaded schema default-config/1.6 with uniqueid field id
2024-05-28 14:54:55.680 INFO  (coreLoadExecutor-11-thread-2) [c: s: r: x:mycore t:] o.a.s.s.IndexSchema Loaded schema default-config/1.6 with uniqueid field id
2024-05-28 14:54:55.680 INFO  (coreLoadExecutor-11-thread-1) [c: s: r: x:jobs t:] o.a.s.c.CoreContainer Creating SolrCore 'jobs' using configuration from instancedir /var/solr/data/jobs, trusted=true
2024-05-28 14:54:55.680 INFO  (coreLoadExecutor-11-thread-2) [c: s: r: x:mycore t:] o.a.s.c.CoreContainer Creating SolrCore 'mycore' using configuration from instancedir /var/solr/data/mycore, trusted=true
2024-05-28 14:54:55.738 INFO  (coreLoadExecutor-11-thread-1) [c: s: r: x:jobs t:] o.a.s.c.SolrCore Opening new SolrCore at [/var/solr/data/jobs], dataDir=[/var/solr/data/jobs/data/]
2024-05-28 14:54:55.738 INFO  (coreLoadExecutor-11-thread-2) [c: s: r: x:mycore t:] o.a.s.c.SolrCore Opening new SolrCore at [/var/solr/data/mycore], dataDir=[/var/solr/data/mycore/data/]
2024-05-28 14:54:56.807 INFO  (coreLoadExecutor-11-thread-2) [c: s: r: x:mycore t:] o.a.s.j.SolrRequestAuthorizer Creating a new SolrRequestAuthorizer
2024-05-28 14:54:56.842 INFO  (coreLoadExecutor-11-thread-2) [c: s: r: x:mycore t:] o.a.s.u.UpdateHandler Using UpdateLog implementation: org.apache.solr.update.UpdateLog
2024-05-28 14:54:56.842 INFO  (coreLoadExecutor-11-thread-2) [c: s: r: x:mycore t:] o.a.s.u.UpdateLog Initializing UpdateLog: dataDir= defaultSyncLevel=FLUSH numRecordsToKeep=100 maxNumLogsToKeep=10 numVersionBuckets=65536
2024-05-28 14:54:56.875 INFO  (coreLoadExecutor-11-thread-2) [c: s: r: x:mycore t:] o.a.s.u.CommitTracker Hard AutoCommit: if uncommitted for 15000ms; 
2024-05-28 14:54:56.878 INFO  (coreLoadExecutor-11-thread-2) [c: s: r: x:mycore t:] o.a.s.u.CommitTracker Soft AutoCommit: if uncommitted for 3000ms; 
2024-05-28 14:54:56.891 INFO  (coreLoadExecutor-11-thread-1) [c: s: r: x:jobs t:] o.a.s.j.SolrRequestAuthorizer Creating a new SolrRequestAuthorizer
2024-05-28 14:54:56.921 INFO  (coreLoadExecutor-11-thread-1) [c: s: r: x:jobs t:] o.a.s.u.UpdateHandler Using UpdateLog implementation: org.apache.solr.update.UpdateLog
2024-05-28 14:54:56.921 INFO  (coreLoadExecutor-11-thread-1) [c: s: r: x:jobs t:] o.a.s.u.UpdateLog Initializing UpdateLog: dataDir= defaultSyncLevel=FLUSH numRecordsToKeep=100 maxNumLogsToKeep=10 numVersionBuckets=65536
2024-05-28 14:54:56.950 INFO  (coreLoadExecutor-11-thread-1) [c: s: r: x:jobs t:] o.a.s.u.CommitTracker Hard AutoCommit: if uncommitted for 15000ms; 
2024-05-28 14:54:56.950 INFO  (coreLoadExecutor-11-thread-1) [c: s: r: x:jobs t:] o.a.s.u.CommitTracker Soft AutoCommit: if uncommitted for 3000ms; 
2024-05-28 14:54:57.106 INFO  (coreLoadExecutor-11-thread-1) [c: s: r: x:jobs t:] o.a.s.r.ManagedResourceStorage File-based storage initialized to use dir: /var/solr/data/jobs/conf
2024-05-28 14:54:57.106 INFO  (coreLoadExecutor-11-thread-2) [c: s: r: x:mycore t:] o.a.s.r.ManagedResourceStorage File-based storage initialized to use dir: /var/solr/data/mycore/conf
2024-05-28 14:54:57.135 INFO  (coreLoadExecutor-11-thread-2) [c: s: r: x:mycore t:] o.a.s.s.DirectSolrSpellChecker init: {accuracy=0.5, maxQueryFrequency=0.01, maxEdits=2, minPrefix=1, maxInspections=5, minQueryLength=4, name=default, field=_text_, classname=solr.DirectSolrSpellChecker, distanceMeasure=internal}
2024-05-28 14:54:57.135 INFO  (coreLoadExecutor-11-thread-1) [c: s: r: x:jobs t:] o.a.s.s.DirectSolrSpellChecker init: {accuracy=0.5, maxQueryFrequency=0.01, maxEdits=2, minPrefix=1, maxInspections=5, minQueryLength=4, name=default, field=_text_, classname=solr.DirectSolrSpellChecker, distanceMeasure=internal}
2024-05-28 14:54:57.151 INFO  (coreLoadExecutor-11-thread-2) [c: s: r: x:mycore t:] o.a.s.h.ReplicationHandler Commits will be reserved for 10000 ms
2024-05-28 14:54:57.151 INFO  (coreLoadExecutor-11-thread-1) [c: s: r: x:jobs t:] o.a.s.h.ReplicationHandler Commits will be reserved for 10000 ms
2024-05-28 14:54:57.153 INFO  (searcherExecutor-14-thread-1-processing-mycore) [c: s: r: x:mycore t:] o.a.s.c.QuerySenderListener QuerySenderListener done.
2024-05-28 14:54:57.154 INFO  (searcherExecutor-14-thread-1-processing-mycore) [c: s: r: x:mycore t:] o.a.s.h.c.SpellCheckComponent Loading spell index for spellchecker: default
2024-05-28 14:54:57.154 INFO  (searcherExecutor-15-thread-1-processing-jobs) [c: s: r: x:jobs t:] o.a.s.c.QuerySenderListener QuerySenderListener done.
2024-05-28 14:54:57.154 INFO  (searcherExecutor-15-thread-1-processing-jobs) [c: s: r: x:jobs t:] o.a.s.h.c.SpellCheckComponent Loading spell index for spellchecker: default
2024-05-28 14:54:57.165 INFO  (searcherExecutor-14-thread-1-processing-mycore) [c: s: r: x:mycore t:] o.a.s.c.SolrCore Registered new searcher autowarm time: 0 ms
2024-05-28 14:54:57.165 INFO  (searcherExecutor-15-thread-1-processing-jobs) [c: s: r: x:jobs t:] o.a.s.c.SolrCore Registered new searcher autowarm time: 0 ms
2024-05-28 14:55:01.741 INFO  (qtp693267461-19-null-2) [c: s: r: x: t:null-2] o.a.s.s.HttpSolrCall [admin] webapp=null path=/admin/cores params={indexInfo=false&wt=json&_=1716908101648} status=0 QTime=7
2024-05-28 14:55:02.130 INFO  (qtp693267461-20-null-3) [c: s: r: x: t:null-3] o.a.s.s.HttpSolrCall [admin] webapp=null path=/admin/info/system params={wt=json&_=1716908101648} status=0 QTime=19
2024-05-28 14:55:02.156 INFO  (qtp693267461-26-null-4) [c: s: r: x: t:null-4] o.a.s.s.HttpSolrCall [admin] webapp=null path=/admin/info/system params={wt=json&_=1716908101648} status=0 QTime=11
2024-05-28 14:55:05.961 INFO  (qtp693267461-24-null-6) [c: s: r: x: t:null-6] o.a.s.s.HttpSolrCall [admin] webapp=null path=/admin/cores params={indexInfo=false&wt=json&_=1716908101648} status=0 QTime=0
2024-05-28 14:55:05.986 INFO  (qtp693267461-26-null-5) [c: s: r: x:mycore t:null-5] o.a.s.c.S.Request webapp=/solr path=/admin/luke params={numTerms=0&show=index&wt=json&_=1716908105945} status=0 QTime=27
2024-05-28 14:55:07.072 INFO  (qtp693267461-21-null-7) [c: s: r: x:mycore t:null-7] o.a.s.c.S.Request webapp=/solr path=/replication params={wt=json&command=details&_=1716908105945} status=0 QTime=7
2024-05-28 14:55:08.080 INFO  (qtp693267461-18-null-8) [c: s: r: x: t:null-8] o.a.s.s.HttpSolrCall [admin] webapp=null path=/admin/info/system params={wt=json&_=1716908101648} status=0 QTime=4
2024-05-28 14:55:08.407 INFO  (qtp693267461-24-null-9) [c: s: r: x: t:null-9] o.a.s.s.HttpSolrCall [admin] webapp=null path=/admin/cores params={indexInfo=false&wt=json&_=1716908101648} status=0 QTime=0
2024-05-28 14:55:08.421 INFO  (qtp693267461-19-null-10) [c: s: r: x:jobs t:null-10] o.a.s.c.S.Request webapp=/solr path=/admin/luke params={numTerms=0&show=index&wt=json&_=1716908105945} status=0 QTime=6
2024-05-28 14:55:08.421 INFO  (qtp693267461-25-null-13) [c: s: r: x: t:null-13] o.a.s.s.HttpSolrCall [admin] webapp=null path=/admin/info/system params={wt=json&_=1716908101648} status=0 QTime=6
2024-05-28 14:55:08.422 INFO  (qtp693267461-23-null-12) [c: s: r: x:jobs t:null-12] o.a.s.c.S.Request webapp=/solr path=/admin/system params={wt=json&_=1716908105945} status=0 QTime=7
2024-05-28 14:55:08.437 INFO  (qtp693267461-26-null-11) [c: s: r: x:jobs t:null-11] o.a.s.c.S.Request webapp=/solr path=/replication params={wt=json&command=details&_=1716908105945} status=0 QTime=21
2024-05-28 14:55:08.438 INFO  (qtp693267461-21-null-14) [c: s: r: x:jobs t:null-14] o.a.s.c.S.Request webapp=/solr path=/admin/ping params={action=status&wt=json&_=1716908101648&ts=1716908101648} status=503 QTime=3
2024-05-28 14:55:09.086 INFO  (qtp693267461-20-null-15) [c: s: r: x:mycore t:null-15] o.a.s.c.S.Request webapp=/solr path=/admin/ping params={action=status&wt=json&_=1716908101648&ts=1716908101648} status=503 QTime=0
2024-05-28 14:55:10.102 INFO  (qtp693267461-23-null-16) [c: s: r: x:mycore t:null-16] o.a.s.c.S.Request webapp=/solr path=/admin/system params={wt=json&_=1716908105945} status=0 QTime=7
2024-05-28 16:09:58.135 INFO  (JettyShutdownThread) [c: s: r: x: t:] o.e.j.s.Server Stopped Server@376a312c{STOPPING}[10.0.20,sto=0]
2024-05-28 16:09:58.162 INFO  (JettyShutdownThread) [c: s: r: x: t:] o.e.j.s.AbstractConnector Stopped ServerConnector@2b95e48b{HTTP/1.1, (http/1.1, h2c)}{0.0.0.0:8983}
2024-05-28 16:09:58.291 INFO  (JettyShutdownThread) [c: s: r: x: t:] o.a.s.c.CoreContainer Shutting down CoreContainer instance=779051277
2024-05-28 16:09:58.309 INFO  (coreCloseExecutor-25-thread-1) [c: s: r: x:mycore t:] o.a.s.c.SolrCore CLOSING SolrCore org.apache.solr.core.SolrCore@374281e1 mycore
2024-05-28 16:09:58.309 INFO  (coreCloseExecutor-25-thread-2) [c: s: r: x:jobs t:] o.a.s.c.SolrCore CLOSING SolrCore org.apache.solr.core.SolrCore@1197392b jobs
2024-05-28 16:09:58.314 INFO  (coreCloseExecutor-25-thread-1) [c: s: r: x:mycore t:] o.a.s.m.SolrMetricManager Closing metric reporters for registry=solr.core.mycore tag=SolrCore@374281e1
2024-05-28 16:09:58.395 INFO  (coreCloseExecutor-25-thread-2) [c: s: r: x:jobs t:] o.a.s.m.SolrMetricManager Closing metric reporters for registry=solr.core.jobs tag=SolrCore@1197392b
2024-05-28 16:09:58.415 INFO  (coreCloseExecutor-25-thread-1) [c: s: r: x:mycore t:] o.a.s.u.DirectUpdateHandler2 Committing on IndexWriter.close()  ... SKIPPED (unnecessary).
2024-05-28 16:09:58.463 INFO  (coreCloseExecutor-25-thread-2) [c: s: r: x:jobs t:] o.a.s.u.DirectUpdateHandler2 Committing on IndexWriter.close()  ... SKIPPED (unnecessary).
2024-05-28 16:09:58.476 INFO  (JettyShutdownThread) [c: s: r: x: t:] o.a.s.m.SolrMetricManager Closing metric reporters for registry=solr.node tag=null
2024-05-28 16:09:58.494 INFO  (JettyShutdownThread) [c: s: r: x: t:] o.a.s.m.SolrMetricManager Closing metric reporters for registry=solr.jvm tag=null
2024-05-28 16:09:58.510 INFO  (JettyShutdownThread) [c: s: r: x: t:] o.a.s.m.SolrMetricManager Closing metric reporters for registry=solr.jetty tag=null
2024-05-28 16:09:58.547 INFO  (JettyShutdownThread) [c: s: r: x: t:] o.e.j.s.h.ContextHandler Stopped o.e.j.w.WebAppContext@655a5d9c{solr-jetty-context.xml,/solr,null,STOPPED}{/opt/solr-9.6.0/server/solr-webapp/webapp}
